[debug] [2019-10-18T03:57:10.998Z] ----------------------------------------------------------------------
[debug] [2019-10-18T03:57:11.000Z] Command:       C:\Program Files\node\node.exe C:\Program Files\node\node_modules\firebase-tools\lib\bin\firebase.js emulators:start --only functions
[debug] [2019-10-18T03:57:11.000Z] CLI Version:   7.6.1
[debug] [2019-10-18T03:57:11.001Z] Platform:      win32
[debug] [2019-10-18T03:57:11.001Z] Node Version:  v10.14.2
[debug] [2019-10-18T03:57:11.002Z] Time:          Fri Oct 18 2019 12:57:11 GMT+0900 (GMT+09:00)
[debug] [2019-10-18T03:57:11.002Z] ----------------------------------------------------------------------
[debug] [2019-10-18T03:57:11.002Z] 
[info] i  Starting emulators: ["functions"]
[warn] !  Your requested "node" version "8" doesn't match your global version "10"
[info] +  functions: Emulator started at http://localhost:5001
[info] i  functions: Watching "C:\Users\voomin\Desktop\idealWorldCup-web\functions" for Cloud Functions...
[debug] [2019-10-18T03:57:13.937Z] [runtime-status] Functions runtime initialized. {"cwd":"C:\\Users\\voomin\\Desktop\\idealWorldCup-web\\functions","node_version":"10.14.2"}
[debug] [2019-10-18T03:57:13.938Z] [runtime-status] Disabled runtime features: undefined {}
[debug] [2019-10-18T03:57:13.940Z] [runtime-status] Resolved module firebase-admin {"declared":true,"installed":true,"version":"8.6.1","resolution":"C:\\Users\\voomin\\Desktop\\idealWorldCup-web\\functions\\node_modules\\firebase-admin\\lib\\index.js"}
[debug] [2019-10-18T03:57:13.941Z] [runtime-status] Resolved module firebase-functions {"declared":true,"installed":true,"version":"3.3.0","resolution":"C:\\Users\\voomin\\Desktop\\idealWorldCup-web\\functions\\node_modules\\firebase-functions\\lib\\index.js"}
[debug] [2019-10-18T03:57:14.267Z] [runtime-status] Found google-gax at C:\Users\voomin\Desktop\idealWorldCup-web\functions\node_modules\google-gax\build\src\index.js {}
[debug] [2019-10-18T03:57:14.267Z] [runtime-status] Outgoing network have been stubbed. [{"name":"http","status":"mocked"},{"name":"http","status":"mocked"},{"name":"https","status":"mocked"},{"name":"https","status":"mocked"},{"name":"net","status":"mocked"},{"name":"google-gax","status":"mocked"}]
[debug] [2019-10-18T03:57:14.310Z] [runtime-status] Checked functions.config() {"config":{}}
[debug] [2019-10-18T03:57:14.311Z] [runtime-status] Resolved module firebase-functions {"declared":true,"installed":true,"version":"3.3.0","resolution":"C:\\Users\\voomin\\Desktop\\idealWorldCup-web\\functions\\node_modules\\firebase-functions\\lib\\index.js"}
[debug] [2019-10-18T03:57:14.312Z] [runtime-status] Resolved module firebase-admin {"declared":true,"installed":true,"version":"8.6.1","resolution":"C:\\Users\\voomin\\Desktop\\idealWorldCup-web\\functions\\node_modules\\firebase-admin\\lib\\index.js"}
[debug] [2019-10-18T03:57:14.312Z] [runtime-status] Resolved module firebase-functions {"declared":true,"installed":true,"version":"3.3.0","resolution":"C:\\Users\\voomin\\Desktop\\idealWorldCup-web\\functions\\node_modules\\firebase-functions\\lib\\index.js"}
[debug] [2019-10-18T03:57:14.364Z] [runtime-status] firebase-admin has been stubbed. {"adminResolution":{"declared":true,"installed":true,"version":"8.6.1","resolution":"C:\\Users\\voomin\\Desktop\\idealWorldCup-web\\functions\\node_modules\\firebase-admin\\lib\\index.js"}}
[warn] !  Error: Cannot find module 'C:\Users\voomin\Desktop\idealWorldCup-web\functions'
    at Function.Module._resolveFilename (internal/modules/cjs/loader.js:581:15)
    at Function.Module._load (internal/modules/cjs/loader.js:507:25)
    at Module.require (internal/modules/cjs/loader.js:637:17)
    at require (internal/modules/cjs/helpers.js:22:18)
    at C:\Program Files\node\node_modules\firebase-tools\lib\emulator\functionsEmulatorRuntime.js:677:33
    at Generator.next (<anonymous>)
    at fulfilled (C:\Program Files\node\node_modules\firebase-tools\lib\emulator\functionsEmulatorRuntime.js:4:58)
    at process._tickCallback (internal/process/next_tick.js:68:7)
    at Function.Module.runMain (internal/modules/cjs/loader.js:745:11)
    at startup (internal/bootstrap/node.js:282:19)
[warn] !  We were unable to load your functions code. (see above)
   - It appears your code is written in Typescript, which must be compiled before emulation.
   - You may be able to run "npm run build" in your functions directory to resolve this.
